<?xml version="1.0" encoding="UTF-8"?>
<testng-results skipped="0" failed="0" ignored="0" total="1" passed="1">
  <reporter-output>
  </reporter-output>
  <suite name="Default suite" duration-ms="31177" started-at="2017-09-19T11:59:43Z" finished-at="2017-09-19T12:00:14Z">
    <groups>
    </groups>
    <test name="Default test" duration-ms="31177" started-at="2017-09-19T11:59:43Z" finished-at="2017-09-19T12:00:14Z">
      <class name="com.automation.githubautomation.Testclass">
        <test-method status="PASS" signature="testmethod()[pri:0, instance:com.automation.githubautomation.Testclass@6a41eaa2]" name="testmethod" duration-ms="31133" started-at="2017-09-19T17:29:43Z" finished-at="2017-09-19T17:30:14Z">
          <reporter-output>
          </reporter-output>
        </test-method> <!-- testmethod -->
      </class> <!-- com.automation.githubautomation.Testclass -->
    </test> <!-- Default test -->
  </suite> <!-- Default suite -->
</testng-results>
