<?xml version="1.0" encoding="UTF-8"?>
<testng-results skipped="0" failed="0" ignored="0" total="1" passed="1">
  <reporter-output>
  </reporter-output>
  <suite name="Default suite" duration-ms="18763" started-at="2017-09-26T09:29:06Z" finished-at="2017-09-26T09:29:24Z">
    <groups>
    </groups>
    <test name="Default test" duration-ms="18763" started-at="2017-09-26T09:29:06Z" finished-at="2017-09-26T09:29:24Z">
      <class name="com.automation.githubautomation.Testclass">
        <test-method status="PASS" signature="testmethod()[pri:0, instance:com.automation.githubautomation.Testclass@1794d431]" name="testmethod" duration-ms="18720" started-at="2017-09-26T14:59:06Z" finished-at="2017-09-26T14:59:24Z">
          <reporter-output>
          </reporter-output>
        </test-method> <!-- testmethod -->
      </class> <!-- com.automation.githubautomation.Testclass -->
    </test> <!-- Default test -->
  </suite> <!-- Default suite -->
</testng-results>
